$ storybook build --output-dir=/var/folders/7h/77_3sy1s5414_wwvybjw2vr40000gn/T/chromatic--19190-9d8XM1j9uiMy
@storybook/cli v7.5.2

info => Cleaning outputDir: /var/folders/7h/77_3sy1s5414_wwvybjw2vr40000gn/T/chromatic--19190-9d8XM1j9uiMy
info => Loading presets
info => Building manager..
info => Manager built (142 ms)
info => Building preview..
info => Copying static files: /Users/iana/Desktop/Storybook/taskbox/node_modules/@storybook/manager/static at /var/folders/7h/77_3sy1s5414_wwvybjw2vr40000gn/T/chromatic--19190-9d8XM1j9uiMy/sb-common-assets
info => Copying static files: /Users/iana/Desktop/Storybook/taskbox/public at /var/folders/7h/77_3sy1s5414_wwvybjw2vr40000gn/T/chromatic--19190-9d8XM1j9uiMy/
[36mvite v4.5.0 [32mbuilding for production...[36m[39m
transforming...
[32m✓[39m 1624 modules transformed.
rendering chunks...
computing gzip size...
[2m../../../../../var/folders/7h/77_3sy1s5414_wwvybjw2vr40000gn/T/chromatic--19190-9d8XM1j9uiMy/[22m[32miframe.html                                    [39m[1m[2m 12.55 kB[22m[1m[22m[2m │ gzip:   3.56 kB[22m
[2m../../../../../var/folders/7h/77_3sy1s5414_wwvybjw2vr40000gn/T/chromatic--19190-9d8XM1j9uiMy/[22m[2massets/[22m[32mpercolate-dac75269.ttf                  [39m[1m[2m 34.04 kB[22m[1m[22m
[2m../../../../../var/folders/7h/77_3sy1s5414_wwvybjw2vr40000gn/T/chromatic--19190-9d8XM1j9uiMy/[22m[2massets/[22m[32mpercolate-ec979d96.woff                 [39m[1m[2m 34.11 kB[22m[1m[22m
[2m../../../../../var/folders/7h/77_3sy1s5414_wwvybjw2vr40000gn/T/chromatic--19190-9d8XM1j9uiMy/[22m[2massets/[22m[32mpercolate-5ed633c2.eot                  [39m[1m[2m 34.21 kB[22m[1m[22m
[2m../../../../../var/folders/7h/77_3sy1s5414_wwvybjw2vr40000gn/T/chromatic--19190-9d8XM1j9uiMy/[22m[2massets/[22m[32mpercolate-d13fa91b.svg                  [39m[1m[2m140.51 kB[22m[1m[22m[2m │ gzip:  46.93 kB[22m
[2m../../../../../var/folders/7h/77_3sy1s5414_wwvybjw2vr40000gn/T/chromatic--19190-9d8XM1j9uiMy/[22m[2massets/[22m[35mpreview-555185f0.css                    [39m[1m[2m  6.90 kB[22m[1m[22m[2m │ gzip:   2.06 kB[22m
[2m../../../../../var/folders/7h/77_3sy1s5414_wwvybjw2vr40000gn/T/chromatic--19190-9d8XM1j9uiMy/[22m[2massets/[22m[36m_commonjs-dynamic-modules-302442b1.js   [39m[1m[2m  0.30 kB[22m[1m[22m[2m │ gzip:   0.24 kB[22m[2m │ map:     0.12 kB[22m
[2m../../../../../var/folders/7h/77_3sy1s5414_wwvybjw2vr40000gn/T/chromatic--19190-9d8XM1j9uiMy/[22m[2massets/[22m[36mWithTooltip-4HIR6TLV-c7a00ae1.js        [39m[1m[2m  0.49 kB[22m[1m[22m[2m │ gzip:   0.30 kB[22m[2m │ map:     0.11 kB[22m
[2m../../../../../var/folders/7h/77_3sy1s5414_wwvybjw2vr40000gn/T/chromatic--19190-9d8XM1j9uiMy/[22m[2massets/[22m[36msyntaxhighlighter-NMPM6SWI-ba9cf4bf.js  [39m[1m[2m  0.51 kB[22m[1m[22m[2m │ gzip:   0.33 kB[22m[2m │ map:     0.12 kB[22m
[2m../../../../../var/folders/7h/77_3sy1s5414_wwvybjw2vr40000gn/T/chromatic--19190-9d8XM1j9uiMy/[22m[2massets/[22m[36mpreview-946fde3d.js                     [39m[1m[2m  0.56 kB[22m[1m[22m[2m │ gzip:   0.35 kB[22m[2m │ map:     0.54 kB[22m
[2m../../../../../var/folders/7h/77_3sy1s5414_wwvybjw2vr40000gn/T/chromatic--19190-9d8XM1j9uiMy/[22m[2massets/[22m[36mindex-3fd0d1ea.js                       [39m[1m[2m  0.62 kB[22m[1m[22m[2m │ gzip:   0.39 kB[22m[2m │ map:     4.28 kB[22m
[2m../../../../../var/folders/7h/77_3sy1s5414_wwvybjw2vr40000gn/T/chromatic--19190-9d8XM1j9uiMy/[22m[2massets/[22m[36mpreview-87eac49b.js                     [39m[1m[2m  0.68 kB[22m[1m[22m[2m │ gzip:   0.48 kB[22m[2m │ map:     3.91 kB[22m
[2m../../../../../var/folders/7h/77_3sy1s5414_wwvybjw2vr40000gn/T/chromatic--19190-9d8XM1j9uiMy/[22m[2massets/[22m[36m_commonjsHelpers-de833af9.js            [39m[1m[2m  0.75 kB[22m[1m[22m[2m │ gzip:   0.43 kB[22m[2m │ map:     0.11 kB[22m
[2m../../../../../var/folders/7h/77_3sy1s5414_wwvybjw2vr40000gn/T/chromatic--19190-9d8XM1j9uiMy/[22m[2massets/[22m[36mindex-356e4a49.js                       [39m[1m[2m  0.81 kB[22m[1m[22m[2m │ gzip:   0.51 kB[22m[2m │ map:     3.26 kB[22m
[2m../../../../../var/folders/7h/77_3sy1s5414_wwvybjw2vr40000gn/T/chromatic--19190-9d8XM1j9uiMy/[22m[2massets/[22m[36mindex-8d47fad6.js                       [39m[1m[2m  0.84 kB[22m[1m[22m[2m │ gzip:   0.55 kB[22m[2m │ map:     4.10 kB[22m
[2m../../../../../var/folders/7h/77_3sy1s5414_wwvybjw2vr40000gn/T/chromatic--19190-9d8XM1j9uiMy/[22m[2massets/[22m[36mpreview-b3c37142.js                     [39m[1m[2m  0.90 kB[22m[1m[22m[2m │ gzip:   0.59 kB[22m[2m │ map:     2.97 kB[22m
[2m../../../../../var/folders/7h/77_3sy1s5414_wwvybjw2vr40000gn/T/chromatic--19190-9d8XM1j9uiMy/[22m[2massets/[22m[36mpreview-4f1f4f45.js                     [39m[1m[2m  1.06 kB[22m[1m[22m[2m │ gzip:   0.69 kB[22m[2m │ map:     3.28 kB[22m
[2m../../../../../var/folders/7h/77_3sy1s5414_wwvybjw2vr40000gn/T/chromatic--19190-9d8XM1j9uiMy/[22m[2massets/[22m[36mpreview-bed967c6.js                     [39m[1m[2m  2.38 kB[22m[1m[22m[2m │ gzip:   1.25 kB[22m[2m │ map:    11.14 kB[22m
[2m../../../../../var/folders/7h/77_3sy1s5414_wwvybjw2vr40000gn/T/chromatic--19190-9d8XM1j9uiMy/[22m[2massets/[22m[36mindex-d37d4223.js                       [39m[1m[2m  2.63 kB[22m[1m[22m[2m │ gzip:   1.30 kB[22m[2m │ map:     7.48 kB[22m
[2m../../../../../var/folders/7h/77_3sy1s5414_wwvybjw2vr40000gn/T/chromatic--19190-9d8XM1j9uiMy/[22m[2massets/[22m[36mpreview-108c1c3c.js                     [39m[1m[2m  3.26 kB[22m[1m[22m[2m │ gzip:   1.41 kB[22m[2m │ map:    10.28 kB[22m
[2m../../../../../var/folders/7h/77_3sy1s5414_wwvybjw2vr40000gn/T/chromatic--19190-9d8XM1j9uiMy/[22m[2massets/[22m[36mTask.stories-cb0c2a97.js                [39m[1m[2m  3.55 kB[22m[1m[22m[2m │ gzip:   1.54 kB[22m[2m │ map:     5.64 kB[22m
[2m../../../../../var/folders/7h/77_3sy1s5414_wwvybjw2vr40000gn/T/chromatic--19190-9d8XM1j9uiMy/[22m[2massets/[22m[36miframe-1e0cfafa.js                      [39m[1m[2m  4.53 kB[22m[1m[22m[2m │ gzip:   1.66 kB[22m[2m │ map:     5.43 kB[22m
[2m../../../../../var/folders/7h/77_3sy1s5414_wwvybjw2vr40000gn/T/chromatic--19190-9d8XM1j9uiMy/[22m[2massets/[22m[36mindex-76fb7be0.js                       [39m[1m[2m  7.21 kB[22m[1m[22m[2m │ gzip:   2.94 kB[22m[2m │ map:    15.72 kB[22m
[2m../../../../../var/folders/7h/77_3sy1s5414_wwvybjw2vr40000gn/T/chromatic--19190-9d8XM1j9uiMy/[22m[2massets/[22m[36mpreview-b8d6c68d.js                     [39m[1m[2m  7.67 kB[22m[1m[22m[2m │ gzip:   1.59 kB[22m[2m │ map:    14.23 kB[22m
[2m../../../../../var/folders/7h/77_3sy1s5414_wwvybjw2vr40000gn/T/chromatic--19190-9d8XM1j9uiMy/[22m[2massets/[22m[36mpreview-2059b184.js                     [39m[1m[2m  8.32 kB[22m[1m[22m[2m │ gzip:   3.21 kB[22m[2m │ map:    29.43 kB[22m
[2m../../../../../var/folders/7h/77_3sy1s5414_wwvybjw2vr40000gn/T/chromatic--19190-9d8XM1j9uiMy/[22m[2massets/[22m[36mindex-da07a199.js                       [39m[1m[2m 13.66 kB[22m[1m[22m[2m │ gzip:   5.17 kB[22m[2m │ map:    53.12 kB[22m
[2m../../../../../var/folders/7h/77_3sy1s5414_wwvybjw2vr40000gn/T/chromatic--19190-9d8XM1j9uiMy/[22m[2massets/[22m[36mColor-6VNJS4EI-5f506fe0.js              [39m[1m[2m 17.68 kB[22m[1m[22m[2m │ gzip:   6.84 kB[22m[2m │ map:    59.64 kB[22m
[2m../../../../../var/folders/7h/77_3sy1s5414_wwvybjw2vr40000gn/T/chromatic--19190-9d8XM1j9uiMy/[22m[2massets/[22m[36mpreview-6751e51d.js                     [39m[1m[2m 21.12 kB[22m[1m[22m[2m │ gzip:   7.02 kB[22m[2m │ map:    68.40 kB[22m
[2m../../../../../var/folders/7h/77_3sy1s5414_wwvybjw2vr40000gn/T/chromatic--19190-9d8XM1j9uiMy/[22m[2massets/[22m[36mpreview-a9f78026.js                     [39m[1m[2m 34.24 kB[22m[1m[22m[2m │ gzip:  13.44 kB[22m[2m │ map:   127.42 kB[22m
[2m../../../../../var/folders/7h/77_3sy1s5414_wwvybjw2vr40000gn/T/chromatic--19190-9d8XM1j9uiMy/[22m[2massets/[22m[36mTaskList.stories-5a629eac.js            [39m[1m[2m 40.39 kB[22m[1m[22m[2m │ gzip:  13.96 kB[22m[2m │ map:   238.43 kB[22m
[2m../../../../../var/folders/7h/77_3sy1s5414_wwvybjw2vr40000gn/T/chromatic--19190-9d8XM1j9uiMy/[22m[2massets/[22m[36m_getPrototype-e1e43787.js               [39m[1m[2m 79.01 kB[22m[1m[22m[2m │ gzip:  23.87 kB[22m[2m │ map:   326.87 kB[22m
[2m../../../../../var/folders/7h/77_3sy1s5414_wwvybjw2vr40000gn/T/chromatic--19190-9d8XM1j9uiMy/[22m[2massets/[22m[36mindex-d3ea75b5.js                       [39m[1m[2m134.11 kB[22m[1m[22m[2m │ gzip:  43.25 kB[22m[2m │ map:   328.85 kB[22m
[2m../../../../../var/folders/7h/77_3sy1s5414_wwvybjw2vr40000gn/T/chromatic--19190-9d8XM1j9uiMy/[22m[2massets/[22m[36mconfig-e12572bb.js                      [39m[1m[2m213.48 kB[22m[1m[22m[2m │ gzip:  67.01 kB[22m[2m │ map:   803.35 kB[22m
[2m../../../../../var/folders/7h/77_3sy1s5414_wwvybjw2vr40000gn/T/chromatic--19190-9d8XM1j9uiMy/[22m[2massets/[22m[36mInboxScreen.stories-36f2e0a8.js         [39m[1m[2m294.69 kB[22m[1m[22m[2m │ gzip:  72.68 kB[22m[2m │ map: 1,099.09 kB[22m
[2m../../../../../var/folders/7h/77_3sy1s5414_wwvybjw2vr40000gn/T/chromatic--19190-9d8XM1j9uiMy/[22m[2massets/[22m[36mindex-77955f96.js                       [39m[1m[2m372.18 kB[22m[1m[22m[2m │ gzip: 114.50 kB[22m[2m │ map: 1,560.48 kB[22m
[2m../../../../../var/folders/7h/77_3sy1s5414_wwvybjw2vr40000gn/T/chromatic--19190-9d8XM1j9uiMy/[22m[2massets/[22m[36mDocsRenderer-NNNQARDV-52fbfeb2.js       [39m[1m[33m534.99 kB[39m[22m[2m │ gzip: 175.41 kB[22m[2m │ map: 1,550.98 kB[22m
[2m../../../../../var/folders/7h/77_3sy1s5414_wwvybjw2vr40000gn/T/chromatic--19190-9d8XM1j9uiMy/[22m[2massets/[22m[36maxe-ace75cbe.js                         [39m[1m[33m554.63 kB[39m[22m[2m │ gzip: 152.24 kB[22m[2m │ map: 1,993.95 kB[22m
[2m../../../../../var/folders/7h/77_3sy1s5414_wwvybjw2vr40000gn/T/chromatic--19190-9d8XM1j9uiMy/[22m[2massets/[22m[36mformatter-SWP5E3XI-6755a0b4.js          [39m[1m[33m601.69 kB[39m[22m[2m │ gzip: 186.28 kB[22m[2m │ map: 1,318.59 kB[22m
[32m✓ built in 10.55s[39m
info => Preview built (11 s)
info => Output directory: /var/folders/7h/77_3sy1s5414_wwvybjw2vr40000gn/T/chromatic--19190-9d8XM1j9uiMy
